2023-12-01 18:33:53,025:WARNING:
'cuml' is a soft dependency and not included in the pycaret installation. Please run: `pip install cuml` to install.
2023-12-01 18:33:53,027:WARNING:
'cuml' is a soft dependency and not included in the pycaret installation. Please run: `pip install cuml` to install.
2023-12-01 18:33:53,027:WARNING:
'cuml' is a soft dependency and not included in the pycaret installation. Please run: `pip install cuml` to install.
2023-12-01 18:33:53,028:WARNING:
'cuml' is a soft dependency and not included in the pycaret installation. Please run: `pip install cuml` to install.
2023-12-01 18:33:54,385:INFO:PyCaret RegressionExperiment
2023-12-01 18:33:54,385:INFO:Logging name: reg-default-name
2023-12-01 18:33:54,385:INFO:ML Usecase: MLUsecase.REGRESSION
2023-12-01 18:33:54,385:INFO:version 3.2.0
2023-12-01 18:33:54,385:INFO:Initializing setup()
2023-12-01 18:33:54,385:INFO:self.USI: b460
2023-12-01 18:33:54,386:INFO:self._variable_keys: {'y_test', 'seed', 'X_train', 'exp_name_log', 'USI', 'y', 'memory', '_available_plots', 'X', 'pipeline', 'idx', 'target_param', 'data', 'fold_groups_param', 'n_jobs_param', 'gpu_param', 'fold_shuffle_param', 'logging_param', 'transform_target_param', 'log_plots_param', 'html_param', 'exp_id', 'y_train', 'X_test', 'fold_generator', 'gpu_n_jobs_param', '_ml_usecase'}
2023-12-01 18:33:54,386:INFO:Checking environment
2023-12-01 18:33:54,386:INFO:python_version: 3.11.3
2023-12-01 18:33:54,386:INFO:python_build: ('main', 'Apr 19 2023 23:46:34')
2023-12-01 18:33:54,386:INFO:machine: AMD64
2023-12-01 18:33:54,386:INFO:platform: Windows-10-10.0.19045-SP0
2023-12-01 18:33:54,391:INFO:Memory: svmem(total=8481505280, available=543948800, percent=93.6, used=7937556480, free=543948800)
2023-12-01 18:33:54,391:INFO:Physical Core: 2
2023-12-01 18:33:54,392:INFO:Logical Core: 4
2023-12-01 18:33:54,392:INFO:Checking libraries
2023-12-01 18:33:54,392:INFO:System:
2023-12-01 18:33:54,393:INFO:    python: 3.11.3 | packaged by Anaconda, Inc. | (main, Apr 19 2023, 23:46:34) [MSC v.1916 64 bit (AMD64)]
2023-12-01 18:33:54,393:INFO:executable: c:\Users\Administrator\anaconda3\python.exe
2023-12-01 18:33:54,393:INFO:   machine: Windows-10-10.0.19045-SP0
2023-12-01 18:33:54,393:INFO:PyCaret required dependencies:
2023-12-01 18:33:56,346:INFO:                 pip: 23.1.2
2023-12-01 18:33:56,346:INFO:          setuptools: 67.8.0
2023-12-01 18:33:56,346:INFO:             pycaret: 3.2.0
2023-12-01 18:33:56,346:INFO:             IPython: 8.12.2
2023-12-01 18:33:56,346:INFO:          ipywidgets: 8.0.4
2023-12-01 18:33:56,346:INFO:                tqdm: 4.65.0
2023-12-01 18:33:56,346:INFO:               numpy: 1.24.3
2023-12-01 18:33:56,346:INFO:              pandas: 1.5.3
2023-12-01 18:33:56,347:INFO:              jinja2: 3.1.2
2023-12-01 18:33:56,347:INFO:               scipy: 1.10.1
2023-12-01 18:33:56,347:INFO:              joblib: 1.3.2
2023-12-01 18:33:56,347:INFO:             sklearn: 1.2.2
2023-12-01 18:33:56,347:INFO:                pyod: 1.1.2
2023-12-01 18:33:56,347:INFO:            imblearn: 0.10.1
2023-12-01 18:33:56,347:INFO:   category_encoders: 2.6.3
2023-12-01 18:33:56,347:INFO:            lightgbm: 4.1.0
2023-12-01 18:33:56,347:INFO:               numba: 0.57.0
2023-12-01 18:33:56,347:INFO:            requests: 2.31.0
2023-12-01 18:33:56,347:INFO:          matplotlib: 3.6.0
2023-12-01 18:33:56,347:INFO:          scikitplot: 0.3.7
2023-12-01 18:33:56,347:INFO:         yellowbrick: 1.5
2023-12-01 18:33:56,347:INFO:              plotly: 5.9.0
2023-12-01 18:33:56,347:INFO:    plotly-resampler: Not installed
2023-12-01 18:33:56,347:INFO:             kaleido: 0.2.1
2023-12-01 18:33:56,347:INFO:           schemdraw: 0.15
2023-12-01 18:33:56,348:INFO:         statsmodels: 0.14.0
2023-12-01 18:33:56,348:INFO:              sktime: 0.21.1
2023-12-01 18:33:56,348:INFO:               tbats: 1.1.3
2023-12-01 18:33:56,348:INFO:            pmdarima: 2.0.4
2023-12-01 18:33:56,348:INFO:              psutil: 5.9.0
2023-12-01 18:33:56,348:INFO:          markupsafe: 2.1.1
2023-12-01 18:33:56,348:INFO:             pickle5: Not installed
2023-12-01 18:33:56,348:INFO:         cloudpickle: 2.2.1
2023-12-01 18:33:56,348:INFO:         deprecation: 2.1.0
2023-12-01 18:33:56,348:INFO:              xxhash: 3.4.1
2023-12-01 18:33:56,348:INFO:           wurlitzer: Not installed
2023-12-01 18:33:56,348:INFO:PyCaret optional dependencies:
2023-12-01 18:33:56,386:INFO:                shap: Not installed
2023-12-01 18:33:56,386:INFO:           interpret: Not installed
2023-12-01 18:33:56,386:INFO:                umap: Not installed
2023-12-01 18:33:56,386:INFO:     ydata_profiling: 4.6.1
2023-12-01 18:33:56,387:INFO:  explainerdashboard: Not installed
2023-12-01 18:33:56,387:INFO:             autoviz: Not installed
2023-12-01 18:33:56,387:INFO:           fairlearn: Not installed
2023-12-01 18:33:56,387:INFO:          deepchecks: Not installed
2023-12-01 18:33:56,387:INFO:             xgboost: Not installed
2023-12-01 18:33:56,387:INFO:            catboost: Not installed
2023-12-01 18:33:56,390:INFO:              kmodes: Not installed
2023-12-01 18:33:56,390:INFO:             mlxtend: Not installed
2023-12-01 18:33:56,390:INFO:       statsforecast: Not installed
2023-12-01 18:33:56,390:INFO:        tune_sklearn: Not installed
2023-12-01 18:33:56,390:INFO:                 ray: Not installed
2023-12-01 18:33:56,390:INFO:            hyperopt: Not installed
2023-12-01 18:33:56,391:INFO:              optuna: Not installed
2023-12-01 18:33:56,391:INFO:               skopt: Not installed
2023-12-01 18:33:56,391:INFO:              mlflow: Not installed
2023-12-01 18:33:56,391:INFO:              gradio: Not installed
2023-12-01 18:33:56,391:INFO:             fastapi: Not installed
2023-12-01 18:33:56,391:INFO:             uvicorn: Not installed
2023-12-01 18:33:56,391:INFO:              m2cgen: Not installed
2023-12-01 18:33:56,391:INFO:           evidently: Not installed
2023-12-01 18:33:56,391:INFO:               fugue: Not installed
2023-12-01 18:33:56,392:INFO:           streamlit: Not installed
2023-12-01 18:33:56,392:INFO:             prophet: Not installed
2023-12-01 18:33:56,392:INFO:None
2023-12-01 18:33:56,392:INFO:Set up data.
2023-12-01 18:33:56,534:INFO:Set up folding strategy.
2023-12-01 18:33:56,536:INFO:Set up train/test split.
2023-12-01 18:33:56,590:INFO:Set up index.
2023-12-01 18:33:56,593:INFO:Assigning column types.
2023-12-01 18:33:56,602:INFO:Engine successfully changes for model 'lr' to 'sklearn'.
2023-12-01 18:33:56,602:INFO:Engine for model 'lasso' has not been set explicitly, hence returning None.
2023-12-01 18:33:56,625:INFO:Engine for model 'ridge' has not been set explicitly, hence returning None.
2023-12-01 18:33:56,635:INFO:Engine for model 'en' has not been set explicitly, hence returning None.
2023-12-01 18:33:56,759:INFO:Engine for model 'svm' has not been set explicitly, hence returning None.
2023-12-01 18:33:56,844:INFO:Engine for model 'knn' has not been set explicitly, hence returning None.
2023-12-01 18:33:56,846:WARNING:
'xgboost' is a soft dependency and not included in the pycaret installation. Please run: `pip install xgboost` to install.
Alternately, you can install this by running `pip install pycaret[models]`
2023-12-01 18:33:56,846:WARNING:
'catboost' is a soft dependency and not included in the pycaret installation. Please run: `pip install catboost` to install.
Alternately, you can install this by running `pip install pycaret[models]`
2023-12-01 18:33:56,846:INFO:Engine for model 'lasso' has not been set explicitly, hence returning None.
2023-12-01 18:33:56,853:INFO:Engine for model 'ridge' has not been set explicitly, hence returning None.
2023-12-01 18:33:56,862:INFO:Engine for model 'en' has not been set explicitly, hence returning None.
2023-12-01 18:33:56,966:INFO:Engine for model 'svm' has not been set explicitly, hence returning None.
2023-12-01 18:33:57,066:INFO:Engine for model 'knn' has not been set explicitly, hence returning None.
2023-12-01 18:33:57,066:WARNING:
'xgboost' is a soft dependency and not included in the pycaret installation. Please run: `pip install xgboost` to install.
Alternately, you can install this by running `pip install pycaret[models]`
2023-12-01 18:33:57,067:WARNING:
'catboost' is a soft dependency and not included in the pycaret installation. Please run: `pip install catboost` to install.
Alternately, you can install this by running `pip install pycaret[models]`
2023-12-01 18:33:57,067:INFO:Engine successfully changes for model 'lasso' to 'sklearn'.
2023-12-01 18:33:57,077:INFO:Engine for model 'ridge' has not been set explicitly, hence returning None.
2023-12-01 18:33:57,084:INFO:Engine for model 'en' has not been set explicitly, hence returning None.
2023-12-01 18:33:57,210:INFO:Engine for model 'svm' has not been set explicitly, hence returning None.
2023-12-01 18:33:57,298:INFO:Engine for model 'knn' has not been set explicitly, hence returning None.
2023-12-01 18:33:57,299:WARNING:
'xgboost' is a soft dependency and not included in the pycaret installation. Please run: `pip install xgboost` to install.
Alternately, you can install this by running `pip install pycaret[models]`
2023-12-01 18:33:57,299:WARNING:
'catboost' is a soft dependency and not included in the pycaret installation. Please run: `pip install catboost` to install.
Alternately, you can install this by running `pip install pycaret[models]`
2023-12-01 18:33:57,311:INFO:Engine for model 'ridge' has not been set explicitly, hence returning None.
2023-12-01 18:33:57,318:INFO:Engine for model 'en' has not been set explicitly, hence returning None.
2023-12-01 18:33:57,446:INFO:Engine for model 'svm' has not been set explicitly, hence returning None.
2023-12-01 18:33:57,534:INFO:Engine for model 'knn' has not been set explicitly, hence returning None.
2023-12-01 18:33:57,535:WARNING:
'xgboost' is a soft dependency and not included in the pycaret installation. Please run: `pip install xgboost` to install.
Alternately, you can install this by running `pip install pycaret[models]`
2023-12-01 18:33:57,535:WARNING:
'catboost' is a soft dependency and not included in the pycaret installation. Please run: `pip install catboost` to install.
Alternately, you can install this by running `pip install pycaret[models]`
2023-12-01 18:33:57,536:INFO:Engine successfully changes for model 'ridge' to 'sklearn'.
2023-12-01 18:33:57,553:INFO:Engine for model 'en' has not been set explicitly, hence returning None.
2023-12-01 18:33:57,677:INFO:Engine for model 'svm' has not been set explicitly, hence returning None.
2023-12-01 18:33:57,749:INFO:Engine for model 'knn' has not been set explicitly, hence returning None.
2023-12-01 18:33:57,750:WARNING:
'xgboost' is a soft dependency and not included in the pycaret installation. Please run: `pip install xgboost` to install.
Alternately, you can install this by running `pip install pycaret[models]`
2023-12-01 18:33:57,750:WARNING:
'catboost' is a soft dependency and not included in the pycaret installation. Please run: `pip install catboost` to install.
Alternately, you can install this by running `pip install pycaret[models]`
2023-12-01 18:33:57,766:INFO:Engine for model 'en' has not been set explicitly, hence returning None.
2023-12-01 18:33:57,862:INFO:Engine for model 'svm' has not been set explicitly, hence returning None.
2023-12-01 18:33:57,932:INFO:Engine for model 'knn' has not been set explicitly, hence returning None.
2023-12-01 18:33:57,933:WARNING:
'xgboost' is a soft dependency and not included in the pycaret installation. Please run: `pip install xgboost` to install.
Alternately, you can install this by running `pip install pycaret[models]`
2023-12-01 18:33:57,933:WARNING:
'catboost' is a soft dependency and not included in the pycaret installation. Please run: `pip install catboost` to install.
Alternately, you can install this by running `pip install pycaret[models]`
2023-12-01 18:33:57,934:INFO:Engine successfully changes for model 'en' to 'sklearn'.
2023-12-01 18:33:58,042:INFO:Engine for model 'svm' has not been set explicitly, hence returning None.
2023-12-01 18:33:58,115:INFO:Engine for model 'knn' has not been set explicitly, hence returning None.
2023-12-01 18:33:58,116:WARNING:
'xgboost' is a soft dependency and not included in the pycaret installation. Please run: `pip install xgboost` to install.
Alternately, you can install this by running `pip install pycaret[models]`
2023-12-01 18:33:58,116:WARNING:
'catboost' is a soft dependency and not included in the pycaret installation. Please run: `pip install catboost` to install.
Alternately, you can install this by running `pip install pycaret[models]`
2023-12-01 18:33:58,244:INFO:Engine for model 'svm' has not been set explicitly, hence returning None.
2023-12-01 18:33:58,452:INFO:Engine for model 'knn' has not been set explicitly, hence returning None.
2023-12-01 18:33:58,457:WARNING:
'xgboost' is a soft dependency and not included in the pycaret installation. Please run: `pip install xgboost` to install.
Alternately, you can install this by running `pip install pycaret[models]`
2023-12-01 18:33:58,458:WARNING:
'catboost' is a soft dependency and not included in the pycaret installation. Please run: `pip install catboost` to install.
Alternately, you can install this by running `pip install pycaret[models]`
2023-12-01 18:33:58,459:INFO:Engine successfully changes for model 'knn' to 'sklearn'.
2023-12-01 18:33:58,926:INFO:Engine for model 'svm' has not been set explicitly, hence returning None.
2023-12-01 18:33:59,132:WARNING:
'xgboost' is a soft dependency and not included in the pycaret installation. Please run: `pip install xgboost` to install.
Alternately, you can install this by running `pip install pycaret[models]`
2023-12-01 18:33:59,133:WARNING:
'catboost' is a soft dependency and not included in the pycaret installation. Please run: `pip install catboost` to install.
Alternately, you can install this by running `pip install pycaret[models]`
2023-12-01 18:33:59,306:INFO:Engine for model 'svm' has not been set explicitly, hence returning None.
2023-12-01 18:33:59,380:WARNING:
'xgboost' is a soft dependency and not included in the pycaret installation. Please run: `pip install xgboost` to install.
Alternately, you can install this by running `pip install pycaret[models]`
2023-12-01 18:33:59,381:WARNING:
'catboost' is a soft dependency and not included in the pycaret installation. Please run: `pip install catboost` to install.
Alternately, you can install this by running `pip install pycaret[models]`
2023-12-01 18:33:59,381:INFO:Engine successfully changes for model 'svm' to 'sklearn'.
2023-12-01 18:33:59,557:WARNING:
'xgboost' is a soft dependency and not included in the pycaret installation. Please run: `pip install xgboost` to install.
Alternately, you can install this by running `pip install pycaret[models]`
2023-12-01 18:33:59,558:WARNING:
'catboost' is a soft dependency and not included in the pycaret installation. Please run: `pip install catboost` to install.
Alternately, you can install this by running `pip install pycaret[models]`
2023-12-01 18:33:59,758:WARNING:
'xgboost' is a soft dependency and not included in the pycaret installation. Please run: `pip install xgboost` to install.
Alternately, you can install this by running `pip install pycaret[models]`
2023-12-01 18:33:59,758:WARNING:
'catboost' is a soft dependency and not included in the pycaret installation. Please run: `pip install catboost` to install.
Alternately, you can install this by running `pip install pycaret[models]`
2023-12-01 18:33:59,817:INFO:Preparing preprocessing pipeline...
2023-12-01 18:33:59,817:INFO:Set up simple imputation.
2023-12-01 18:33:59,829:INFO:Set up encoding of categorical features.
2023-12-01 18:35:05,430:INFO:PyCaret RegressionExperiment
2023-12-01 18:35:05,431:INFO:Logging name: reg-default-name
2023-12-01 18:35:05,431:INFO:ML Usecase: MLUsecase.REGRESSION
2023-12-01 18:35:05,432:INFO:version 3.2.0
2023-12-01 18:35:05,432:INFO:Initializing setup()
2023-12-01 18:35:05,432:INFO:self.USI: 5da0
2023-12-01 18:35:05,432:INFO:self._variable_keys: {'y_test', 'seed', 'X_train', 'exp_name_log', 'USI', 'y', 'memory', '_available_plots', 'X', 'pipeline', 'idx', 'target_param', 'data', 'fold_groups_param', 'n_jobs_param', 'gpu_param', 'fold_shuffle_param', 'logging_param', 'transform_target_param', 'log_plots_param', 'html_param', 'exp_id', 'y_train', 'X_test', 'fold_generator', 'gpu_n_jobs_param', '_ml_usecase'}
2023-12-01 18:35:05,432:INFO:Checking environment
2023-12-01 18:35:05,433:INFO:python_version: 3.11.3
2023-12-01 18:35:05,434:INFO:python_build: ('main', 'Apr 19 2023 23:46:34')
2023-12-01 18:35:05,434:INFO:machine: AMD64
2023-12-01 18:35:05,435:INFO:platform: Windows-10-10.0.19045-SP0
2023-12-01 18:35:05,439:INFO:Memory: svmem(total=8481505280, available=898420736, percent=89.4, used=7583084544, free=898420736)
2023-12-01 18:35:05,440:INFO:Physical Core: 2
2023-12-01 18:35:05,440:INFO:Logical Core: 4
2023-12-01 18:35:05,442:INFO:Checking libraries
2023-12-01 18:35:05,442:INFO:System:
2023-12-01 18:35:05,443:INFO:    python: 3.11.3 | packaged by Anaconda, Inc. | (main, Apr 19 2023, 23:46:34) [MSC v.1916 64 bit (AMD64)]
2023-12-01 18:35:05,443:INFO:executable: c:\Users\Administrator\anaconda3\python.exe
2023-12-01 18:35:05,444:INFO:   machine: Windows-10-10.0.19045-SP0
2023-12-01 18:35:05,444:INFO:PyCaret required dependencies:
2023-12-01 18:35:05,444:INFO:                 pip: 23.1.2
2023-12-01 18:35:05,445:INFO:          setuptools: 67.8.0
2023-12-01 18:35:05,445:INFO:             pycaret: 3.2.0
2023-12-01 18:35:05,445:INFO:             IPython: 8.12.2
2023-12-01 18:35:05,445:INFO:          ipywidgets: 8.0.4
2023-12-01 18:35:05,445:INFO:                tqdm: 4.65.0
2023-12-01 18:35:05,445:INFO:               numpy: 1.24.3
2023-12-01 18:35:05,445:INFO:              pandas: 1.5.3
2023-12-01 18:35:05,445:INFO:              jinja2: 3.1.2
2023-12-01 18:35:05,446:INFO:               scipy: 1.10.1
2023-12-01 18:35:05,446:INFO:              joblib: 1.3.2
2023-12-01 18:35:05,446:INFO:             sklearn: 1.2.2
2023-12-01 18:35:05,446:INFO:                pyod: 1.1.2
2023-12-01 18:35:05,446:INFO:            imblearn: 0.10.1
2023-12-01 18:35:05,446:INFO:   category_encoders: 2.6.3
2023-12-01 18:35:05,446:INFO:            lightgbm: 4.1.0
2023-12-01 18:35:05,446:INFO:               numba: 0.57.0
2023-12-01 18:35:05,446:INFO:            requests: 2.31.0
2023-12-01 18:35:05,446:INFO:          matplotlib: 3.6.0
2023-12-01 18:35:05,447:INFO:          scikitplot: 0.3.7
2023-12-01 18:35:05,447:INFO:         yellowbrick: 1.5
2023-12-01 18:35:05,447:INFO:              plotly: 5.9.0
2023-12-01 18:35:05,447:INFO:    plotly-resampler: Not installed
2023-12-01 18:35:05,447:INFO:             kaleido: 0.2.1
2023-12-01 18:35:05,447:INFO:           schemdraw: 0.15
2023-12-01 18:35:05,447:INFO:         statsmodels: 0.14.0
2023-12-01 18:35:05,447:INFO:              sktime: 0.21.1
2023-12-01 18:35:05,447:INFO:               tbats: 1.1.3
2023-12-01 18:35:05,448:INFO:            pmdarima: 2.0.4
2023-12-01 18:35:05,448:INFO:              psutil: 5.9.0
2023-12-01 18:35:05,448:INFO:          markupsafe: 2.1.1
2023-12-01 18:35:05,448:INFO:             pickle5: Not installed
2023-12-01 18:35:05,448:INFO:         cloudpickle: 2.2.1
2023-12-01 18:35:05,449:INFO:         deprecation: 2.1.0
2023-12-01 18:35:05,449:INFO:              xxhash: 3.4.1
2023-12-01 18:35:05,449:INFO:           wurlitzer: Not installed
2023-12-01 18:35:05,449:INFO:PyCaret optional dependencies:
2023-12-01 18:35:05,449:INFO:                shap: Not installed
2023-12-01 18:35:05,450:INFO:           interpret: Not installed
2023-12-01 18:35:05,451:INFO:                umap: Not installed
2023-12-01 18:35:05,452:INFO:     ydata_profiling: 4.6.1
2023-12-01 18:35:05,452:INFO:  explainerdashboard: Not installed
2023-12-01 18:35:05,453:INFO:             autoviz: Not installed
2023-12-01 18:35:05,453:INFO:           fairlearn: Not installed
2023-12-01 18:35:05,453:INFO:          deepchecks: Not installed
2023-12-01 18:35:05,453:INFO:             xgboost: Not installed
2023-12-01 18:35:05,453:INFO:            catboost: Not installed
2023-12-01 18:35:05,453:INFO:              kmodes: Not installed
2023-12-01 18:35:05,454:INFO:             mlxtend: Not installed
2023-12-01 18:35:05,454:INFO:       statsforecast: Not installed
2023-12-01 18:35:05,454:INFO:        tune_sklearn: Not installed
2023-12-01 18:35:05,455:INFO:                 ray: Not installed
2023-12-01 18:35:05,455:INFO:            hyperopt: Not installed
2023-12-01 18:35:05,455:INFO:              optuna: Not installed
2023-12-01 18:35:05,455:INFO:               skopt: Not installed
2023-12-01 18:35:05,456:INFO:              mlflow: Not installed
2023-12-01 18:35:05,456:INFO:              gradio: Not installed
2023-12-01 18:35:05,456:INFO:             fastapi: Not installed
2023-12-01 18:35:05,456:INFO:             uvicorn: Not installed
2023-12-01 18:35:05,456:INFO:              m2cgen: Not installed
2023-12-01 18:35:05,457:INFO:           evidently: Not installed
2023-12-01 18:35:05,457:INFO:               fugue: Not installed
2023-12-01 18:35:05,457:INFO:           streamlit: Not installed
2023-12-01 18:35:05,457:INFO:             prophet: Not installed
2023-12-01 18:35:05,458:INFO:None
2023-12-01 18:35:05,460:INFO:Set up data.
